<?xml version="1.0" encoding="UTF-8"?>
<!-- Generated by org.testng.reporters.JUnitReportReporter -->
<testsuite skipped="2" hostname="DESKTOP-FQJI2AJ" name="starter.testRunner.CucumberTestSuite" tests="2" failures="0" timestamp="11 oct. 2019 09:17:23 GMT" time="3.216" errors="0">
  <testcase name="feature" time="3.212" classname="starter.testRunner.CucumberTestSuite">
    <skipped/>
  </testcase> <!-- feature -->
  <testcase name="feature" time="0.004" classname="starter.testRunner.CucumberTestSuite">
    <skipped/>
  </testcase> <!-- feature -->
</testsuite> <!-- starter.testRunner.CucumberTestSuite -->
